2021-11-04 10:14:11,467 INFO o.a.j.u.JMeterUtils: Setting Locale to en_EN
2021-11-04 10:14:11,479 INFO o.a.j.JMeter: Loading user properties from: /opt/apache-jmeter-5.3/bin/user.properties
2021-11-04 10:14:11,479 INFO o.a.j.JMeter: Loading system properties from: /opt/apache-jmeter-5.3/bin/system.properties
2021-11-04 10:14:11,480 INFO o.a.j.JMeter: Copyright (c) 1998-2020 The Apache Software Foundation
2021-11-04 10:14:11,480 INFO o.a.j.JMeter: Version 5.3
2021-11-04 10:14:11,480 INFO o.a.j.JMeter: java.version=1.8.0_111
2021-11-04 10:14:11,480 INFO o.a.j.JMeter: java.vm.name=OpenJDK 64-Bit Server VM
2021-11-04 10:14:11,480 INFO o.a.j.JMeter: os.name=Linux
2021-11-04 10:14:11,481 INFO o.a.j.JMeter: os.arch=amd64
2021-11-04 10:14:11,481 INFO o.a.j.JMeter: os.version=5.10.16.3-microsoft-standard-WSL2
2021-11-04 10:14:11,481 INFO o.a.j.JMeter: file.encoding=UTF-8
2021-11-04 10:14:11,481 INFO o.a.j.JMeter: java.awt.headless=null
2021-11-04 10:14:11,481 INFO o.a.j.JMeter: Max memory     =1073741824
2021-11-04 10:14:11,481 INFO o.a.j.JMeter: Available Processors =12
2021-11-04 10:14:11,485 INFO o.a.j.JMeter: Default Locale=English (EN)
2021-11-04 10:14:11,485 INFO o.a.j.JMeter: JMeter  Locale=English (EN)
2021-11-04 10:14:11,485 INFO o.a.j.JMeter: JMeterHome=/opt/apache-jmeter-5.3
2021-11-04 10:14:11,485 INFO o.a.j.JMeter: user.dir  =/file
2021-11-04 10:14:11,485 INFO o.a.j.JMeter: PWD       =/file
2021-11-04 10:14:11,485 INFO o.a.j.JMeter: IP: 172.17.0.2 Name: 921bd4bf4a7c FullName: 921bd4bf4a7c
2021-11-04 10:14:11,488 INFO o.a.j.JMeter: Setting property 'jmeter.reportgenerator.outputdir' to:'/file/file'
2021-11-04 10:14:11,490 INFO o.a.j.s.FileServer: Default base='/file'
2021-11-04 10:14:11,493 INFO o.a.j.s.FileServer: Set new base='/file'
2021-11-04 10:14:11,580 INFO o.a.j.s.SaveService: Testplan (JMX) version: 2.2. Testlog (JTL) version: 2.2
2021-11-04 10:14:11,593 INFO o.a.j.s.SaveService: Using SaveService properties file encoding UTF-8
2021-11-04 10:14:11,597 INFO o.a.j.s.SaveService: Using SaveService properties version 5.0
2021-11-04 10:14:11,601 INFO o.a.j.s.SaveService: Loading file: mytest.jmx
2021-11-04 10:14:11,630 INFO o.a.j.p.h.s.HTTPSamplerBase: Parser for text/html is org.apache.jmeter.protocol.http.parser.LagartoBasedHtmlParser
2021-11-04 10:14:11,630 INFO o.a.j.p.h.s.HTTPSamplerBase: Parser for application/xhtml+xml is org.apache.jmeter.protocol.http.parser.LagartoBasedHtmlParser
2021-11-04 10:14:11,631 INFO o.a.j.p.h.s.HTTPSamplerBase: Parser for application/xml is org.apache.jmeter.protocol.http.parser.LagartoBasedHtmlParser
2021-11-04 10:14:11,631 INFO o.a.j.p.h.s.HTTPSamplerBase: Parser for text/xml is org.apache.jmeter.protocol.http.parser.LagartoBasedHtmlParser
2021-11-04 10:14:11,631 INFO o.a.j.p.h.s.HTTPSamplerBase: Parser for text/vnd.wap.wml is org.apache.jmeter.protocol.http.parser.RegexpHTMLParser
2021-11-04 10:14:11,631 INFO o.a.j.p.h.s.HTTPSamplerBase: Parser for text/css is org.apache.jmeter.protocol.http.parser.CssParser
2021-11-04 10:14:11,649 INFO o.a.j.JMeter: Creating summariser <summary>
2021-11-04 10:14:11,656 INFO o.a.j.r.d.ReportGenerator: ReportGenerator will use for Parsing the separator: ','
2021-11-04 10:14:11,656 INFO o.a.j.r.d.ReportGenerator: Will generate report at end of test from  results file: result.jtl
2021-11-04 10:14:11,656 INFO o.a.j.r.d.ReportGenerator: Reading report generator properties from: /opt/apache-jmeter-5.3/bin/reportgenerator.properties
2021-11-04 10:14:11,657 INFO o.a.j.r.d.ReportGenerator: Merging with JMeter properties
2021-11-04 10:14:11,660 INFO o.a.j.r.c.ReportGeneratorConfiguration: Property 'jmeter.reportgenerator.temp_dir' not found, using default value 'temp' instead.
2021-11-04 10:14:11,662 INFO o.a.j.r.c.ReportGeneratorConfiguration: Property 'jmeter.reportgenerator.apdex_per_transaction' not found, using default value 'null' instead.
2021-11-04 10:14:11,662 INFO o.a.j.r.c.ReportGeneratorConfiguration: apdex_per_transaction is empty, not APDEX per transaction customization
2021-11-04 10:14:11,662 INFO o.a.j.r.c.ReportGeneratorConfiguration: Property 'jmeter.reportgenerator.sample_filter' not found, using default value 'null' instead.
2021-11-04 10:14:11,663 INFO o.a.j.r.c.ReportGeneratorConfiguration: Property 'jmeter.reportgenerator.report_title' not found, using default value 'null' instead.
2021-11-04 10:14:11,663 INFO o.a.j.r.c.ReportGeneratorConfiguration: Property 'jmeter.reportgenerator.start_date' not found, using default value 'null' instead.
2021-11-04 10:14:11,663 INFO o.a.j.r.c.ReportGeneratorConfiguration: Property 'jmeter.reportgenerator.end_date' not found, using default value 'null' instead.
2021-11-04 10:14:11,663 INFO o.a.j.r.c.ReportGeneratorConfiguration: Property 'jmeter.reportgenerator.date_format' not found, using default value 'null' instead.
2021-11-04 10:14:11,663 INFO o.a.j.r.c.ReportGeneratorConfiguration: Will use date range start date: null, end date: null
2021-11-04 10:14:11,674 INFO o.a.j.r.c.ReportGeneratorConfiguration: Property 'jmeter.reportgenerator.graph.totalTPS.exclude_controllers' not found, using default value 'false' instead.
2021-11-04 10:14:11,675 INFO o.a.j.r.c.ReportGeneratorConfiguration: Property 'jmeter.reportgenerator.graph.activeThreadsOverTime.exclude_controllers' not found, using default value 'false' instead.
2021-11-04 10:14:11,675 INFO o.a.j.r.c.ReportGeneratorConfiguration: Property 'jmeter.reportgenerator.graph.timeVsThreads.exclude_controllers' not found, using default value 'false' instead.
2021-11-04 10:14:11,675 INFO o.a.j.r.c.ReportGeneratorConfiguration: Property 'jmeter.reportgenerator.graph.responseTimeDistribution.exclude_controllers' not found, using default value 'false' instead.
2021-11-04 10:14:11,675 INFO o.a.j.r.c.ReportGeneratorConfiguration: Property 'jmeter.reportgenerator.graph.transactionsPerSecond.exclude_controllers' not found, using default value 'false' instead.
2021-11-04 10:14:11,675 INFO o.a.j.r.c.ReportGeneratorConfiguration: Property 'jmeter.reportgenerator.graph.responseTimePercentiles.exclude_controllers' not found, using default value 'false' instead.
2021-11-04 10:14:11,676 INFO o.a.j.r.c.ReportGeneratorConfiguration: Property 'jmeter.reportgenerator.graph.responseTimePercentilesOverTime.exclude_controllers' not found, using default value 'false' instead.
2021-11-04 10:14:11,676 INFO o.a.j.r.c.ReportGeneratorConfiguration: Property 'jmeter.reportgenerator.graph.responseTimesOverTime.exclude_controllers' not found, using default value 'false' instead.
2021-11-04 10:14:11,676 INFO o.a.j.r.c.ReportGeneratorConfiguration: Property 'jmeter.reportgenerator.graph.connectTimeOverTime.exclude_controllers' not found, using default value 'false' instead.
2021-11-04 10:14:11,676 INFO o.a.j.r.c.ReportGeneratorConfiguration: Property 'jmeter.reportgenerator.graph.latenciesOverTime.exclude_controllers' not found, using default value 'false' instead.
2021-11-04 10:14:11,677 INFO o.a.j.r.c.ReportGeneratorConfiguration: Property 'jmeter.reportgenerator.exporter.json.filters_only_sample_series' not found, using default value 'true' instead.
2021-11-04 10:14:11,677 INFO o.a.j.r.c.ReportGeneratorConfiguration: Property 'jmeter.reportgenerator.exporter.json.series_filter' not found, using default value '' instead.
2021-11-04 10:14:11,677 INFO o.a.j.r.c.ReportGeneratorConfiguration: Property 'jmeter.reportgenerator.exporter.json.show_controllers_only' not found, using default value 'false' instead.
2021-11-04 10:14:11,677 INFO o.a.j.r.c.ReportGeneratorConfiguration: Property 'jmeter.reportgenerator.exporter.html.filters_only_sample_series' not found, using default value 'true' instead.
2021-11-04 10:14:11,677 INFO o.a.j.r.c.ReportGeneratorConfiguration: Property 'jmeter.reportgenerator.exporter.html.series_filter' not found, using default value '' instead.
2021-11-04 10:14:11,678 INFO o.a.j.r.c.ReportGeneratorConfiguration: Property 'jmeter.reportgenerator.exporter.html.show_controllers_only' not found, using default value 'false' instead.
2021-11-04 10:14:11,681 INFO o.a.j.e.StandardJMeterEngine: Running the test!
2021-11-04 10:14:11,682 INFO o.a.j.s.SampleEvent: List of sample_variables: []
2021-11-04 10:14:11,682 INFO o.a.j.s.SampleEvent: List of sample_variables: []
2021-11-04 10:14:11,687 INFO o.a.j.e.u.CompoundVariable: Note: Function class names must contain the string: '.functions.'
2021-11-04 10:14:11,687 INFO o.a.j.e.u.CompoundVariable: Note: Function class names must not contain the string: '.gui.'
2021-11-04 10:14:11,902 INFO o.a.j.JMeter: Running test (1636020851902)
2021-11-04 10:14:11,930 INFO o.a.j.e.StandardJMeterEngine: Starting ThreadGroup: 1 : ThreadTest
2021-11-04 10:14:11,931 INFO o.a.j.e.StandardJMeterEngine: Starting 10 threads for group ThreadTest.
2021-11-04 10:14:11,931 INFO o.a.j.e.StandardJMeterEngine: Thread will continue on error
2021-11-04 10:14:11,931 INFO o.a.j.t.ThreadGroup: Starting thread group... number=1 threads=10 ramp-up=1 delayedStart=false
2021-11-04 10:14:11,937 INFO o.a.j.t.JMeterThread: Thread started: ThreadTest 1-1
2021-11-04 10:14:11,941 INFO o.a.j.t.ThreadGroup: Started thread group number 1
2021-11-04 10:14:11,941 INFO o.a.j.e.StandardJMeterEngine: All thread groups have been started
2021-11-04 10:14:11,953 INFO o.a.j.p.h.s.HTTPHCAbstractImpl: Local host = 921bd4bf4a7c
2021-11-04 10:14:11,959 INFO o.a.j.p.h.s.HTTPHC4Impl: HTTP request retry count = 0
2021-11-04 10:14:11,961 INFO o.a.j.s.SampleResult: Note: Sample TimeStamps are START times
2021-11-04 10:14:11,961 INFO o.a.j.s.SampleResult: sampleresult.default.encoding is set to ISO-8859-1
2021-11-04 10:14:11,961 INFO o.a.j.s.SampleResult: sampleresult.useNanoTime=true
2021-11-04 10:14:11,962 INFO o.a.j.s.SampleResult: sampleresult.nanoThreadSleep=5000
2021-11-04 10:14:12,034 INFO o.a.j.t.JMeterThread: Thread started: ThreadTest 1-2
2021-11-04 10:14:12,132 INFO o.a.j.t.JMeterThread: Thread started: ThreadTest 1-3
2021-11-04 10:14:12,233 INFO o.a.j.t.JMeterThread: Thread started: ThreadTest 1-4
2021-11-04 10:14:12,332 INFO o.a.j.t.JMeterThread: Thread started: ThreadTest 1-5
2021-11-04 10:14:12,432 INFO o.a.j.t.JMeterThread: Thread started: ThreadTest 1-6
2021-11-04 10:14:12,532 INFO o.a.j.t.JMeterThread: Thread started: ThreadTest 1-7
2021-11-04 10:14:12,632 INFO o.a.j.t.JMeterThread: Thread started: ThreadTest 1-8
2021-11-04 10:14:12,733 INFO o.a.j.t.JMeterThread: Thread started: ThreadTest 1-9
2021-11-04 10:14:12,832 INFO o.a.j.t.JMeterThread: Thread started: ThreadTest 1-10
2021-11-04 10:14:30,012 INFO o.a.j.r.Summariser: summary +     35 in 00:00:18 =    1.9/s Avg:  4366 Min:   403 Max: 10150 Err:     0 (0.00%) Active: 10 Started: 10 Finished: 0
2021-11-04 10:14:37,184 INFO o.a.j.t.JMeterThread: Thread is done: ThreadTest 1-2
2021-11-04 10:14:37,184 INFO o.a.j.t.JMeterThread: Thread finished: ThreadTest 1-2
2021-11-04 10:14:38,308 INFO o.a.j.t.JMeterThread: Thread is done: ThreadTest 1-3
2021-11-04 10:14:38,308 INFO o.a.j.t.JMeterThread: Thread finished: ThreadTest 1-3
2021-11-04 10:14:38,373 INFO o.a.j.t.JMeterThread: Thread is done: ThreadTest 1-1
2021-11-04 10:14:38,374 INFO o.a.j.t.JMeterThread: Thread finished: ThreadTest 1-1
2021-11-04 10:14:39,559 INFO o.a.j.t.JMeterThread: Thread is done: ThreadTest 1-6
2021-11-04 10:14:39,559 INFO o.a.j.t.JMeterThread: Thread finished: ThreadTest 1-6
2021-11-04 10:14:40,307 INFO o.a.j.t.JMeterThread: Thread is done: ThreadTest 1-5
2021-11-04 10:14:40,307 INFO o.a.j.t.JMeterThread: Thread finished: ThreadTest 1-5
2021-11-04 10:14:40,425 INFO o.a.j.t.JMeterThread: Thread is done: ThreadTest 1-7
2021-11-04 10:14:40,425 INFO o.a.j.t.JMeterThread: Thread finished: ThreadTest 1-7
2021-11-04 10:14:41,202 INFO o.a.j.t.JMeterThread: Thread is done: ThreadTest 1-9
2021-11-04 10:14:41,202 INFO o.a.j.t.JMeterThread: Thread finished: ThreadTest 1-9
2021-11-04 10:14:41,288 INFO o.a.j.t.JMeterThread: Thread is done: ThreadTest 1-4
2021-11-04 10:14:41,288 INFO o.a.j.t.JMeterThread: Thread finished: ThreadTest 1-4
2021-11-04 10:14:42,146 INFO o.a.j.t.JMeterThread: Thread is done: ThreadTest 1-8
2021-11-04 10:14:42,146 INFO o.a.j.t.JMeterThread: Thread finished: ThreadTest 1-8
2021-11-04 10:14:42,348 INFO o.a.j.t.JMeterThread: Thread is done: ThreadTest 1-10
2021-11-04 10:14:42,348 INFO o.a.j.t.JMeterThread: Thread finished: ThreadTest 1-10
2021-11-04 10:14:42,348 INFO o.a.j.e.StandardJMeterEngine: Notifying test listeners of end of test
2021-11-04 10:14:42,349 INFO o.a.j.r.Summariser: summary +     25 in 00:00:12 =    2.0/s Avg:  4973 Min:   342 Max: 10024 Err:     0 (0.00%) Active: 0 Started: 10 Finished: 10
2021-11-04 10:14:42,349 INFO o.a.j.r.Summariser: summary =     60 in 00:00:30 =    2.0/s Avg:  4619 Min:   342 Max: 10150 Err:     0 (0.00%)
2021-11-04 10:14:42,350 INFO o.a.j.JMeter: Generating Dashboard
2021-11-04 10:14:42,350 INFO o.a.j.r.d.ReportGenerator: Flushing result collector before report Generation
2021-11-04 10:14:42,365 INFO o.a.j.r.p.NormalizerSampleConsumer: Using format, 'ms', to parse timeStamp field
2021-11-04 10:14:42,446 INFO o.a.j.r.p.AbstractSampleConsumer: class org.apache.jmeter.report.processor.AggregateConsumer#stopProducing(): beginDate produced 0 samples
2021-11-04 10:14:42,446 INFO o.a.j.r.p.AbstractSampleConsumer: class org.apache.jmeter.report.processor.AggregateConsumer#stopProducing(): endDate produced 0 samples
2021-11-04 10:14:42,448 INFO o.a.j.r.p.AbstractSampleConsumer: class org.apache.jmeter.report.processor.ApdexSummaryConsumer#stopProducing(): apdexSummary produced 0 samples
2021-11-04 10:14:42,448 INFO o.a.j.r.p.AbstractSampleConsumer: class org.apache.jmeter.report.processor.RequestsSummaryConsumer#stopProducing(): requestsSummary produced 0 samples
2021-11-04 10:14:42,453 INFO o.a.j.r.p.AbstractSampleConsumer: class org.apache.jmeter.report.processor.StatisticsSummaryConsumer#stopProducing(): statisticsSummary produced 0 samples
2021-11-04 10:14:42,456 INFO o.a.j.r.p.AbstractSampleConsumer: class org.apache.jmeter.report.processor.Top5ErrorsBySamplerConsumer#stopProducing(): top5ErrorsBySampler produced 0 samples
2021-11-04 10:14:42,456 INFO o.a.j.r.p.AbstractSampleConsumer: class org.apache.jmeter.report.processor.ErrorsSummaryConsumer#stopProducing(): errorsSummary produced 0 samples
2021-11-04 10:14:42,456 INFO o.a.j.r.p.AbstractSampleConsumer: class org.apache.jmeter.report.processor.graph.impl.HitsPerSecondGraphConsumer#stopProducing(): hitsPerSecond produced 0 samples
2021-11-04 10:14:42,467 INFO o.a.j.r.p.AbstractSampleConsumer: class org.apache.jmeter.report.processor.graph.impl.LatencyVSRequestGraphConsumer#stopProducing(): latencyVsRequest produced 0 samples
2021-11-04 10:14:42,468 INFO o.a.j.r.p.AbstractSampleConsumer: class org.apache.jmeter.report.processor.graph.impl.SyntheticResponseTimeDistributionGraphConsumer#stopProducing(): syntheticResponseTimeDistribution produced 0 samples
2021-11-04 10:14:42,469 INFO o.a.j.r.p.AbstractSampleConsumer: class org.apache.jmeter.report.processor.graph.impl.BytesThroughputGraphConsumer#stopProducing(): bytesThroughputOverTime produced 0 samples
2021-11-04 10:14:42,469 INFO o.a.j.r.p.AbstractSampleConsumer: class org.apache.jmeter.report.processor.graph.impl.CodesPerSecondGraphConsumer#stopProducing(): codesPerSecond produced 0 samples
2021-11-04 10:14:42,474 INFO o.a.j.r.p.AbstractSampleConsumer: class org.apache.jmeter.report.processor.graph.impl.ResponseTimeVSRequestGraphConsumer#stopProducing(): responseTimeVsRequest produced 0 samples
2021-11-04 10:14:42,474 INFO o.a.j.r.p.AbstractSampleConsumer: class org.apache.jmeter.report.processor.FilterConsumer#stopProducing(): startIntervalControlerFilter produced 980 samples
2021-11-04 10:14:42,474 INFO o.a.j.r.p.AbstractSampleConsumer: class org.apache.jmeter.report.processor.graph.impl.TotalTPSGraphConsumer#stopProducing(): totalTPS produced 0 samples
2021-11-04 10:14:42,474 INFO o.a.j.r.p.AbstractSampleConsumer: class org.apache.jmeter.report.processor.graph.impl.ActiveThreadsGraphConsumer#stopProducing(): activeThreadsOverTime produced 0 samples
2021-11-04 10:14:42,475 INFO o.a.j.r.p.AbstractSampleConsumer: class org.apache.jmeter.report.processor.graph.impl.TimeVSThreadGraphConsumer#stopProducing(): timeVsThreads produced 0 samples
2021-11-04 10:14:42,475 INFO o.a.j.r.p.AbstractSampleConsumer: class org.apache.jmeter.report.processor.graph.impl.ResponseTimeDistributionGraphConsumer#stopProducing(): responseTimeDistribution produced 0 samples
2021-11-04 10:14:42,475 INFO o.a.j.r.p.AbstractSampleConsumer: class org.apache.jmeter.report.processor.graph.impl.TransactionsPerSecondGraphConsumer#stopProducing(): transactionsPerSecond produced 0 samples
2021-11-04 10:14:42,476 INFO o.a.j.r.p.AbstractSampleConsumer: class org.apache.jmeter.report.processor.graph.impl.ResponseTimePercentilesGraphConsumer#stopProducing(): responseTimePercentiles produced 0 samples
2021-11-04 10:14:42,479 INFO o.a.j.r.p.AbstractSampleConsumer: class org.apache.jmeter.report.processor.graph.impl.ResponseTimePercentilesOverTimeGraphConsumer#stopProducing(): responseTimePercentilesOverTime produced 0 samples
2021-11-04 10:14:42,479 INFO o.a.j.r.p.AbstractSampleConsumer: class org.apache.jmeter.report.processor.graph.impl.ResponseTimeOverTimeGraphConsumer#stopProducing(): responseTimesOverTime produced 0 samples
2021-11-04 10:14:42,479 INFO o.a.j.r.p.AbstractSampleConsumer: class org.apache.jmeter.report.processor.graph.impl.ConnectTimeOverTimeGraphConsumer#stopProducing(): connectTimeOverTime produced 0 samples
2021-11-04 10:14:42,479 INFO o.a.j.r.p.AbstractSampleConsumer: class org.apache.jmeter.report.processor.graph.impl.LatencyOverTimeGraphConsumer#stopProducing(): latenciesOverTime produced 0 samples
2021-11-04 10:14:42,479 INFO o.a.j.r.p.AbstractSampleConsumer: class org.apache.jmeter.report.processor.FilterConsumer#stopProducing(): nameFilter produced 2100 samples
2021-11-04 10:14:42,479 INFO o.a.j.r.p.AbstractSampleConsumer: class org.apache.jmeter.report.processor.FilterConsumer#stopProducing(): dateRangeFilter produced 420 samples
2021-11-04 10:14:42,479 INFO o.a.j.r.p.AbstractSampleConsumer: class org.apache.jmeter.report.processor.NormalizerSampleConsumer#stopProducing(): normalizer produced 140 samples
2021-11-04 10:14:42,480 INFO o.a.j.r.p.CsvFileSampleSource: produce(): 140 samples produced in 85ms on channel 0
2021-11-04 10:14:42,480 INFO o.a.j.r.d.ReportGenerator: Exporting data using exporter:'json' of className:'org.apache.jmeter.report.dashboard.JsonExporter'
2021-11-04 10:14:42,481 INFO o.a.j.r.d.JsonExporter: Found data for consumer statisticsSummary in context
2021-11-04 10:14:42,481 INFO o.a.j.r.d.JsonExporter: Creating statistics for overall
2021-11-04 10:14:42,482 INFO o.a.j.r.d.JsonExporter: Creating statistics for other transactions
2021-11-04 10:14:42,482 INFO o.a.j.r.d.JsonExporter: Checking output folder
2021-11-04 10:14:42,482 INFO o.a.j.r.d.JsonExporter: Writing statistics JSON to /file/file/statistics.json
2021-11-04 10:14:42,605 INFO o.a.j.r.d.ReportGenerator: Exporting data using exporter:'html' of className:'org.apache.jmeter.report.dashboard.HtmlTemplateExporter'
2021-11-04 10:14:42,608 INFO o.a.j.r.d.HtmlTemplateExporter: Will generate dashboard in folder: /file/file
2021-11-04 10:14:42,703 ERROR f.configuration: DefaultObjectWrapper.incompatibleImprovements was set to the object returned by Configuration.getVersion(). That defeats the purpose of incompatibleImprovements, and makes upgrading FreeMarker a potentially breaking change. Also, this probably won't be allowed starting from 2.4.0. Instead, set incompatibleImprovements to the highest concrete version that's known to be compatible with your application.
2021-11-04 10:14:42,705 ERROR f.configuration: Configuration.incompatibleImprovements was set to the object returned by Configuration.getVersion(). That defeats the purpose of incompatibleImprovements, and makes upgrading FreeMarker a potentially breaking change. Also, this probably won't be allowed starting from 2.4.0. Instead, set incompatibleImprovements to the highest concrete version that's known to be compatible with your application.
2021-11-04 10:14:42,712 INFO o.a.j.r.d.HtmlTemplateExporter: Report will be generated in: /file/file, creating folder structure
2021-11-04 10:14:42,714 INFO o.a.j.r.d.TemplateVisitor: Copying folder from '/opt/apache-jmeter-5.3/bin/report-template' to '/file/file', got message: /file/file, found non empty folder with following content [/file/file/statistics.json], will be ignored
2021-11-04 10:14:42,885 INFO o.a.j.JMeter: Dashboard generated
